生成启动时间为 2019/5/29 21:01:13。
     1>项目“c:\Users\染小熙的小屋\documents\visual studio 2013\Projects\Ctest0529(转义字符+函数)\Ctest0529(转义字符+函数)\Ctest0529(转义字符+函数).vcxproj”在节点 2 上(Build 个目标)。
     1>ClCompile:
         C:\Program Files (x86)\Microsoft Visual Studio 12.0\VC\bin\CL.exe /c /ZI /nologo /W3 /WX- /sdl /Od /Oy- /D _UNICODE /D UNICODE /Gm /EHsc /RTC1 /MDd /GS /fp:precise /Zc:wchar_t /Zc:forScope /Fo"Debug\\" /Fd"Debug\vc120.pdb" /Gd /TC /analyze- /errorReport:prompt Ctest0529.c
         Ctest0529.c
     1>c:\users\染小熙的小屋\documents\visual studio 2013\projects\ctest0529(转义字符+函数)\ctest0529(转义字符+函数)\ctest0529.c(42): warning C4013: “Add”未定义；假设外部返回 int
       Link:
         C:\Program Files (x86)\Microsoft Visual Studio 12.0\VC\bin\link.exe /ERRORREPORT:PROMPT /OUT:"c:\users\染小熙的小屋\documents\visual studio 2013\Projects\Ctest0529(转义字符+函数)\Debug\Ctest0529(转义字符+函数).exe" /INCREMENTAL /NOLOGO kernel32.lib user32.lib gdi32.lib winspool.lib comdlg32.lib advapi32.lib shell32.lib ole32.lib oleaut32.lib uuid.lib odbc32.lib odbccp32.lib /MANIFEST /MANIFESTUAC:"level='asInvoker' uiAccess='false'" /manifest:embed /DEBUG /PDB:"c:\users\染小熙的小屋\documents\visual studio 2013\Projects\Ctest0529(转义字符+函数)\Debug\Ctest0529(转义字符+函数).pdb" /TLBID:1 /DYNAMICBASE /NXCOMPAT /IMPLIB:"c:\users\染小熙的小屋\documents\visual studio 2013\Projects\Ctest0529(转义字符+函数)\Debug\Ctest0529(转义字符+函数).lib" /MACHINE:X86 Debug\Ctest0529.obj
     1>Ctest0529.obj : error LNK2019: 无法解析的外部符号 _Add，该符号在函数 _main 中被引用
     1>c:\users\染小熙的小屋\documents\visual studio 2013\Projects\Ctest0529(转义字符+函数)\Debug\Ctest0529(转义字符+函数).exe : fatal error LNK1120: 1 个无法解析的外部命令
     1>已完成生成项目“c:\Users\染小熙的小屋\documents\visual studio 2013\Projects\Ctest0529(转义字符+函数)\Ctest0529(转义字符+函数)\Ctest0529(转义字符+函数).vcxproj”(Build 个目标)的操作 - 失败。

生成失败。

已用时间 00:00:07.28
